Determining if the pthread_create exist failed with the following output:
Change Dir: /home/robot/catkin_ws/src/icarus_rover_v2/src/Sensor/unit_tests/CMakeFiles/CMakeTmp

Run Build Command:"/usr/bin/make" "cmTC_0ac70/fast"
/usr/bin/make -f CMakeFiles/cmTC_0ac70.dir/build.make CMakeFiles/cmTC_0ac70.dir/build
make[1]: Entering directory '/home/robot/catkin_ws/src/icarus_rover_v2/src/Sensor/unit_tests/CMakeFiles/CMakeTmp'
Building C object CMakeFiles/cmTC_0ac70.dir/CheckSymbolExists.c.o
/usr/bin/cc     -o CMakeFiles/cmTC_0ac70.dir/CheckSymbolExists.c.o   -c /home/robot/catkin_ws/src/icarus_rover_v2/src/Sensor/unit_tests/CMakeFiles/CMakeTmp/CheckSymbolExists.c
Linking C executable cmTC_0ac70
/usr/bin/cmake -E cmake_link_script CMakeFiles/cmTC_0ac70.dir/link.txt --verbose=1
/usr/bin/cc       CMakeFiles/cmTC_0ac70.dir/CheckSymbolExists.c.o  -o cmTC_0ac70 -rdynamic 
CMakeFiles/cmTC_0ac70.dir/CheckSymbolExists.c.o: In function `main':
CheckSymbolExists.c:(.text+0x16): undefined reference to `pthread_create'
collect2: error: ld returned 1 exit status
CMakeFiles/cmTC_0ac70.dir/build.make:97: recipe for target 'cmTC_0ac70' failed
make[1]: *** [cmTC_0ac70] Error 1
make[1]: Leaving directory '/home/robot/catkin_ws/src/icarus_rover_v2/src/Sensor/unit_tests/CMakeFiles/CMakeTmp'
Makefile:126: recipe for target 'cmTC_0ac70/fast' failed
make: *** [cmTC_0ac70/fast] Error 2

File /home/robot/catkin_ws/src/icarus_rover_v2/src/Sensor/unit_tests/CMakeFiles/CMakeTmp/CheckSymbolExists.c:
/* */
#include <pthread.h>

int main(int argc, char** argv)
{
  (void)argv;
#ifndef pthread_create
  return ((int*)(&pthread_create))[argc];
#else
  (void)argc;
  return 0;
#endif
}

Determining if the function pthread_create exists in the pthreads failed with the following output:
Change Dir: /home/robot/catkin_ws/src/icarus_rover_v2/src/Sensor/unit_tests/CMakeFiles/CMakeTmp

Run Build Command:"/usr/bin/make" "cmTC_01b08/fast"
/usr/bin/make -f CMakeFiles/cmTC_01b08.dir/build.make CMakeFiles/cmTC_01b08.dir/build
make[1]: Entering directory '/home/robot/catkin_ws/src/icarus_rover_v2/src/Sensor/unit_tests/CMakeFiles/CMakeTmp'
Building C object CMakeFiles/cmTC_01b08.dir/CheckFunctionExists.c.o
/usr/bin/cc    -DCHECK_FUNCTION_EXISTS=pthread_create   -o CMakeFiles/cmTC_01b08.dir/CheckFunctionExists.c.o   -c /usr/share/cmake-3.5/Modules/CheckFunctionExists.c
Linking C executable cmTC_01b08
/usr/bin/cmake -E cmake_link_script CMakeFiles/cmTC_01b08.dir/link.txt --verbose=1
/usr/bin/cc   -DCHECK_FUNCTION_EXISTS=pthread_create    CMakeFiles/cmTC_01b08.dir/CheckFunctionExists.c.o  -o cmTC_01b08 -rdynamic -lpthreads 
/usr/bin/ld: cannot find -lpthreads
collect2: error: ld returned 1 exit status
CMakeFiles/cmTC_01b08.dir/build.make:97: recipe for target 'cmTC_01b08' failed
make[1]: *** [cmTC_01b08] Error 1
make[1]: Leaving directory '/home/robot/catkin_ws/src/icarus_rover_v2/src/Sensor/unit_tests/CMakeFiles/CMakeTmp'
Makefile:126: recipe for target 'cmTC_01b08/fast' failed
make: *** [cmTC_01b08/fast] Error 2


